<?xml version="1.0" encoding="UTF-8" ?>
<testsuite tests="12" failures="0" name="io.avalia.user.api.spec.SpecificationTest" time="0.046" errors="2" skipped="7">
  <properties>
    <property name="java.runtime.name" value="Java(TM) SE Runtime Environment"/>
    <property name="sun.boot.library.path" value="/Library/Java/JavaVirtualMachines/jdk1.8.0_144.jdk/Contents/Home/jre/lib"/>
    <property name="java.vm.version" value="25.144-b01"/>
    <property name="gopherProxySet" value="false"/>
    <property name="java.vm.vendor" value="Oracle Corporation"/>
    <property name="maven.multiModuleProjectDirectory" value="/Users/lionelburgbacher/Documents/AMT_LABO/Project_Two/user-specs"/>
    <property name="java.vendor.url" value="http://java.oracle.com/"/>
    <property name="path.separator" value=":"/>
    <property name="guice.disable.misplaced.annotation.check" value="true"/>
    <property name="java.vm.name" value="Java HotSpot(TM) 64-Bit Server VM"/>
    <property name="file.encoding.pkg" value="sun.io"/>
    <property name="user.country" value="CH"/>
    <property name="sun.java.launcher" value="SUN_STANDARD"/>
    <property name="sun.os.patch.level" value="unknown"/>
    <property name="java.vm.specification.name" value="Java Virtual Machine Specification"/>
    <property name="user.dir" value="/Users/lionelburgbacher/Documents/AMT_LABO/Project_Two/user-specs"/>
    <property name="java.runtime.version" value="1.8.0_144-b01"/>
    <property name="java.awt.graphicsenv" value="sun.awt.CGraphicsEnvironment"/>
    <property name="java.endorsed.dirs" value="/Library/Java/JavaVirtualMachines/jdk1.8.0_144.jdk/Contents/Home/jre/lib/endorsed"/>
    <property name="os.arch" value="x86_64"/>
    <property name="java.io.tmpdir" value="/var/folders/1k/xsmk6css66q646w3291ny9k00000gn/T/"/>
    <property name="line.separator" value="
"/>
    <property name="java.vm.specification.vendor" value="Oracle Corporation"/>
    <property name="os.name" value="Mac OS X"/>
    <property name="classworlds.conf" value="/usr/local/Cellar/maven/3.6.2/libexec/bin/m2.conf"/>
    <property name="sun.jnu.encoding" value="UTF-8"/>
    <property name="java.library.path" value="/Users/lionelburgbacher/Library/Java/Extensions:/Library/Java/Extensions:/Network/Library/Java/Extensions:/System/Library/Java/Extensions:/usr/lib/java:."/>
    <property name="maven.conf" value="/usr/local/Cellar/maven/3.6.2/libexec/conf"/>
    <property name="java.specification.name" value="Java Platform API Specification"/>
    <property name="java.class.version" value="52.0"/>
    <property name="sun.management.compiler" value="HotSpot 64-Bit Tiered Compilers"/>
    <property name="os.version" value="10.15.2"/>
    <property name="library.jansi.path" value="/usr/local/Cellar/maven/3.6.2/libexec/lib/jansi-native"/>
    <property name="http.nonProxyHosts" value="local|*.local|169.254/16|*.169.254/16"/>
    <property name="user.home" value="/Users/lionelburgbacher"/>
    <property name="user.timezone" value="Europe/Zurich"/>
    <property name="java.awt.printerjob" value="sun.lwawt.macosx.CPrinterJob"/>
    <property name="java.specification.version" value="1.8"/>
    <property name="file.encoding" value="UTF-8"/>
    <property name="user.name" value="lionelburgbacher"/>
    <property name="java.class.path" value="/usr/local/Cellar/maven/3.6.2/libexec/boot/plexus-classworlds-2.6.0.jar"/>
    <property name="java.vm.specification.version" value="1.8"/>
    <property name="sun.arch.data.model" value="64"/>
    <property name="java.home" value="/Library/Java/JavaVirtualMachines/jdk1.8.0_144.jdk/Contents/Home/jre"/>
    <property name="sun.java.command" value="org.codehaus.plexus.classworlds.launcher.Launcher clean test"/>
    <property name="java.specification.vendor" value="Oracle Corporation"/>
    <property name="user.language" value="fr"/>
    <property name="awt.toolkit" value="sun.lwawt.macosx.LWCToolkit"/>
    <property name="java.vm.info" value="mixed mode"/>
    <property name="java.version" value="1.8.0_144"/>
    <property name="java.ext.dirs" value="/Users/lionelburgbacher/Library/Java/Extensions:/Library/Java/JavaVirtualMachines/jdk1.8.0_144.jdk/Contents/Home/jre/lib/ext:/Library/Java/Extensions:/Network/Library/Java/Extensions:/System/Library/Java/Extensions:/usr/lib/java"/>
    <property name="sun.boot.class.path" value="/Library/Java/JavaVirtualMachines/jdk1.8.0_144.jdk/Contents/Home/jre/lib/resources.jar:/Library/Java/JavaVirtualMachines/jdk1.8.0_144.jdk/Contents/Home/jre/lib/rt.jar:/Library/Java/JavaVirtualMachines/jdk1.8.0_144.jdk/Contents/Home/jre/lib/sunrsasign.jar:/Library/Java/JavaVirtualMachines/jdk1.8.0_144.jdk/Contents/Home/jre/lib/jsse.jar:/Library/Java/JavaVirtualMachines/jdk1.8.0_144.jdk/Contents/Home/jre/lib/jce.jar:/Library/Java/JavaVirtualMachines/jdk1.8.0_144.jdk/Contents/Home/jre/lib/charsets.jar:/Library/Java/JavaVirtualMachines/jdk1.8.0_144.jdk/Contents/Home/jre/lib/jfr.jar:/Library/Java/JavaVirtualMachines/jdk1.8.0_144.jdk/Contents/Home/jre/classes"/>
    <property name="java.vendor" value="Oracle Corporation"/>
    <property name="maven.home" value="/usr/local/Cellar/maven/3.6.2/libexec"/>
    <property name="file.separator" value="/"/>
    <property name="java.vendor.url.bug" value="http://bugreport.sun.com/bugreport/"/>
    <property name="sun.cpu.endian" value="little"/>
    <property name="sun.io.unicode.encoding" value="UnicodeBig"/>
    <property name="socksNonProxyHosts" value="local|*.local|169.254/16|*.169.254/16"/>
    <property name="ftp.nonProxyHosts" value="local|*.local|169.254/16|*.169.254/16"/>
    <property name="sun.cpu.isalist" value=""/>
  </properties>
  <testcase classname="Scenario: create a users" name="Given there is a users server" time="0.002"/>
  <testcase classname="Scenario: create a users" name="Given I have an authenticate users" time="0.003">
    <skipped/>
    <system-out>
  Background:                     &amp;#27;[90m# creation.feature:3&amp;#27;[0m
    &amp;#27;[32mGiven &amp;#27;[0m&amp;#27;[32mthere is a users server&amp;#27;[0m &amp;#27;[90m# CreationSteps.there_is_a_users_server()&amp;#27;[0m
</system-out>
  </testcase>
  <testcase classname="Scenario: create a users" name="Then I receive an 200 status code" time="0.004">
    <skipped/>
  </testcase>
  <testcase classname="Scenario: create a users" name="Given I have a user payload" time="0.005">
    <skipped/>
  </testcase>
  <testcase classname="Scenario: create a users" name="When I POST it to the /users endpoint" time="0.005">
    <skipped/>
  </testcase>
  <testcase classname="Scenario: create a users" name="Then I receive a 201 status code" time="0.006">
    <skipped/>
  </testcase>
  <testcase classname="Scenario: create a users" name="Scenario: create a users" time="0.006">
    <skipped/>
  </testcase>
  <testcase classname="Scenario: create a users" name="Scenario: create a users" time="0.006"/>
  <testcase classname="Scenario: get a token with credentials" name="Given there is a server" time="0"/>
  <testcase classname="Scenario: get a token with credentials" name="When I POST a correct users /authenticate endpoint" time="0.003">
    <error message="Expected URL scheme &apos;http&apos; or &apos;https&apos; but no colon was found" type="java.lang.IllegalArgumentException">java.lang.IllegalArgumentException: Expected URL scheme &apos;http&apos; or &apos;https&apos; but no colon was found
	at okhttp3.HttpUrl$Builder.parse$okhttp(HttpUrl.kt:1257)
	at okhttp3.HttpUrl$Companion.get(HttpUrl.kt:1630)
	at okhttp3.Request$Builder.url(Request.kt:184)
	at io.avalia.users.ApiClient.buildRequest(ApiClient.java:1025)
	at io.avalia.users.ApiClient.buildCall(ApiClient.java:1000)
	at io.avalia.users.api.DefaultApi.createAuthenticationTokenCall(DefaultApi.java:226)
	at io.avalia.users.api.DefaultApi.createAuthenticationTokenValidateBeforeCall(DefaultApi.java:238)
	at io.avalia.users.api.DefaultApi.createAuthenticationTokenWithHttpInfo(DefaultApi.java:275)
	at io.avalia.user.api.spec.steps.GetSteps.i_POST_it_to_the_users_endpoint(GetSteps.java:46)
	at ✽.When I POST a correct users /authenticate endpoint(get.feature:7)
</error>
    <system-out>
  Background:               &amp;#27;[90m# get.feature:3&amp;#27;[0m
    &amp;#27;[32mGiven &amp;#27;[0m&amp;#27;[32mthere is a server&amp;#27;[0m &amp;#27;[90m# GetSteps.there_is_a_server()&amp;#27;[0m
</system-out>
  </testcase>
  <testcase classname="Scenario: get a token with credentials" name="Scenario: get a token with credentials" time="0.003">
    <error message="Expected URL scheme &apos;http&apos; or &apos;https&apos; but no colon was found" type="java.lang.IllegalArgumentException">java.lang.IllegalArgumentException: Expected URL scheme &apos;http&apos; or &apos;https&apos; but no colon was found
	at okhttp3.HttpUrl$Builder.parse$okhttp(HttpUrl.kt:1257)
	at okhttp3.HttpUrl$Companion.get(HttpUrl.kt:1630)
	at okhttp3.Request$Builder.url(Request.kt:184)
	at io.avalia.users.ApiClient.buildRequest(ApiClient.java:1025)
	at io.avalia.users.ApiClient.buildCall(ApiClient.java:1000)
	at io.avalia.users.api.DefaultApi.createAuthenticationTokenCall(DefaultApi.java:226)
	at io.avalia.users.api.DefaultApi.createAuthenticationTokenValidateBeforeCall(DefaultApi.java:238)
	at io.avalia.users.api.DefaultApi.createAuthenticationTokenWithHttpInfo(DefaultApi.java:275)
	at io.avalia.user.api.spec.steps.GetSteps.i_POST_it_to_the_users_endpoint(GetSteps.java:46)
	at ✽.When I POST a correct users /authenticate endpoint(get.feature:7)
</error>
  </testcase>
  <testcase classname="Scenario: get a token with credentials" name="Then I receive an 200 status code" time="0.003">
    <skipped/>
  </testcase>
</testsuite>